<?xml version="1.0" encoding="utf-8"?><testsuites name="pytest tests"><testsuite name="pytest" errors="0" failures="0" skipped="0" tests="95" time="35.798" timestamp="2026-04-09T01:49:04.316885+00:00" hostname="agent-env-db84e424-98ca-42ba-b21c-181ba6d6f33d"><testcase classname="backend.tests.test_decision_feed_and_tickers.TestDecisionsFeed" name="test_decisions_returns_200" time="0.178" /><testcase classname="backend.tests.test_decision_feed_and_tickers.TestDecisionsFeed" name="test_decisions_response_has_decisions_key" time="0.248" /><testcase classname="backend.tests.test_decision_feed_and_tickers.TestDecisionsFeed" name="test_decisions_response_has_count_key" time="0.104" /><testcase classname="backend.tests.test_decision_feed_and_tickers.TestDecisionsFeed" name="test_decisions_list_is_list" time="0.113" /><testcase classname="backend.tests.test_decision_feed_and_tickers.TestDecisionsFeed" name="test_decisions_count_matches_list_length" time="0.107" /><testcase classname="backend.tests.test_decision_feed_and_tickers.TestDecisionsFeed" name="test_decisions_in_normal_mode_returns_empty_or_valid" time="0.105" /><testcase classname="backend.tests.test_decision_feed_and_tickers.TestDecisionsFeed" name="test_decisions_entries_have_required_fields_if_present" time="0.152" /><testcase classname="backend.tests.test_decision_feed_and_tickers.TestDecisionsFeed" name="test_decisions_max_50_entries" time="0.107" /><testcase classname="backend.tests.test_decision_feed_and_tickers.TestTickerManagement" name="test_add_ticker_returns_200" time="0.643" /><testcase classname="backend.tests.test_decision_feed_and_tickers.TestTickerManagement" name="test_add_ticker_response_message" time="0.513" /><testcase classname="backend.tests.test_decision_feed_and_tickers.TestTickerManagement" name="test_add_ticker_appears_in_tickers_list" time="1.159" /><testcase classname="backend.tests.test_decision_feed_and_tickers.TestTickerManagement" name="test_remove_ticker_returns_200" time="16.405" /><testcase classname="backend.tests.test_decision_feed_and_tickers.TestTickerManagement" name="test_remove_ticker_disappears_from_list" time="1.493" /><testcase classname="backend.tests.test_decision_feed_and_tickers.TestTickerManagement" name="test_readd_ticker_after_removal" time="1.627" /><testcase classname="backend.tests.test_decision_feed_and_tickers.TestAddTsla" name="test_add_tsla_ticker" time="0.285" /><testcase classname="backend.tests.test_decision_feed_and_tickers.TestAddTsla" name="test_remove_tsla_ticker" time="0.570" /><testcase classname="backend.tests.test_p1_features.TestEnrichedTickers" name="test_tickers_returns_200" time="0.105" /><testcase classname="backend.tests.test_p1_features.TestEnrichedTickers" name="test_tickers_response_has_count_field" time="0.105" /><testcase classname="backend.tests.test_p1_features.TestEnrichedTickers" name="test_tickers_list_contains_objects_not_strings" time="0.123" /><testcase classname="backend.tests.test_p1_features.TestEnrichedTickers" name="test_tickers_contain_symbol_field" time="0.106" /><testcase classname="backend.tests.test_p1_features.TestEnrichedTickers" name="test_tickers_contain_enabled_field" time="0.101" /><testcase classname="backend.tests.test_p1_features.TestEnrichedTickers" name="test_tickers_contain_signal_strength_field" time="0.153" /><testcase classname="backend.tests.test_p1_features.TestEnrichedTickers" name="test_tickers_contain_trend_field" time="0.110" /><testcase classname="backend.tests.test_p1_features.TestEnrichedTickers" name="test_tickers_contain_atr_field" time="0.279" /><testcase classname="backend.tests.test_p1_features.TestEnrichedTickers" name="test_tickers_contain_orb_levels_field" time="0.133" /><testcase classname="backend.tests.test_p1_features.TestEnrichedTickers" name="test_tickers_contain_last_decision_field" time="0.104" /><testcase classname="backend.tests.test_p1_features.TestEnrichedTickers" name="test_tickers_contain_confidence_field" time="0.115" /><testcase classname="backend.tests.test_p1_features.TestEnrichedTickers" name="test_tickers_contain_current_price_field" time="0.157" /><testcase classname="backend.tests.test_p1_features.TestEnrichedTickers" name="test_tickers_trend_valid_values" time="0.114" /><testcase classname="backend.tests.test_p1_features.TestEnrichedTickers" name="test_tickers_signal_strength_is_numeric" time="0.101" /><testcase classname="backend.tests.test_p1_features.TestEnrichedTickers" name="test_tickers_confidence_range" time="0.124" /><testcase classname="backend.tests.test_p1_features.TestEnrichedTickers" name="test_default_4_tickers_present" time="0.102" /><testcase classname="backend.tests.test_p1_features.TestEnrichedTickers" name="test_tickers_count_matches_list_length" time="0.237" /><testcase classname="backend.tests.test_p1_features.TestCorrelation" name="test_correlation_returns_200" time="0.119" /><testcase classname="backend.tests.test_p1_features.TestCorrelation" name="test_correlation_has_clusters_field" time="0.109" /><testcase classname="backend.tests.test_p1_features.TestCorrelation" name="test_correlation_clusters_is_list" time="0.111" /><testcase classname="backend.tests.test_p1_features.TestCorrelation" name="test_correlation_has_breadth_field" time="0.120" /><testcase classname="backend.tests.test_p1_features.TestCorrelation" name="test_correlation_breadth_has_bullish" time="0.123" /><testcase classname="backend.tests.test_p1_features.TestCorrelation" name="test_correlation_breadth_has_bearish" time="0.138" /><testcase classname="backend.tests.test_p1_features.TestCorrelation" name="test_correlation_breadth_has_neutral" time="0.113" /><testcase classname="backend.tests.test_p1_features.TestCorrelation" name="test_correlation_breadth_has_total" time="0.115" /><testcase classname="backend.tests.test_p1_features.TestCorrelation" name="test_correlation_breadth_has_bullish_pct" time="0.234" /><testcase classname="backend.tests.test_p1_features.TestCorrelation" name="test_correlation_breadth_has_bearish_pct" time="0.136" /><testcase classname="backend.tests.test_p1_features.TestCorrelation" name="test_correlation_breadth_pct_values_are_numeric" time="0.108" /><testcase classname="backend.tests.test_p1_features.TestCorrelation" name="test_correlation_breadth_total_at_least_1" time="0.116" /><testcase classname="backend.tests.test_p1_features.TestCorrelation" name="test_correlation_breadth_pct_sum_sane" time="0.110" /><testcase classname="backend.tests.test_p1_features.TestHealthAndStats" name="test_health_returns_healthy" time="0.111" /><testcase classname="backend.tests.test_p1_features.TestHealthAndStats" name="test_health_has_all_fields" time="0.103" /><testcase classname="backend.tests.test_p1_features.TestHealthAndStats" name="test_stats_returns_200" time="0.125" /><testcase classname="backend.tests.test_p1_features.TestHealthAndStats" name="test_stats_has_required_fields" time="0.135" /><testcase classname="backend.tests.test_p1_features.TestDecisionEngine" name="test_decision_enum_via_metrics_endpoint" time="0.246" /><testcase classname="backend.tests.test_p1_features.TestDecisionEngine" name="test_tighten_trailing_stop_shows_in_prometheus" time="0.104" /><testcase classname="backend.tests.test_p1_features.TestDecisionEngine" name="test_decision_metric_has_tighten_label_or_expected_decisions" time="0.215" /><testcase classname="backend.tests.test_p1_features.TestTickerBackwardCompat" name="test_count_field_is_integer" time="0.123" /><testcase classname="backend.tests.test_p1_features.TestTickerBackwardCompat" name="test_add_and_remove_ticker_still_works" time="0.422" /><testcase classname="backend.tests.test_sentinel_edge.TestHealth" name="test_health_returns_200" time="0.099" /><testcase classname="backend.tests.test_sentinel_edge.TestHealth" name="test_health_response_structure" time="0.222" /><testcase classname="backend.tests.test_sentinel_edge.TestHealth" name="test_health_status_healthy" time="0.131" /><testcase classname="backend.tests.test_sentinel_edge.TestHealth" name="test_health_running_is_bool" time="0.104" /><testcase classname="backend.tests.test_sentinel_edge.TestHealth" name="test_health_paused_is_bool" time="0.114" /><testcase classname="backend.tests.test_sentinel_edge.TestHealth" name="test_health_active_tickers_is_int" time="0.190" /><testcase classname="backend.tests.test_sentinel_edge.TestTickers" name="test_get_tickers_returns_200" time="0.101" /><testcase classname="backend.tests.test_sentinel_edge.TestTickers" name="test_get_tickers_response_structure" time="0.111" /><testcase classname="backend.tests.test_sentinel_edge.TestTickers" name="test_get_tickers_default_tickers_present" time="0.102" /><testcase classname="backend.tests.test_sentinel_edge.TestTickers" name="test_get_tickers_count_matches_list" time="0.115" /><testcase classname="backend.tests.test_sentinel_edge.TestTickers" name="test_get_tickers_count_is_4" time="0.328" /><testcase classname="backend.tests.test_sentinel_edge.TestTickers" name="test_add_ticker_returns_200" time="0.111" /><testcase classname="backend.tests.test_sentinel_edge.TestTickers" name="test_add_ticker_response_message" time="0.106" /><testcase classname="backend.tests.test_sentinel_edge.TestTickers" name="test_remove_ticker_returns_200" time="0.232" /><testcase classname="backend.tests.test_sentinel_edge.TestTickers" name="test_remove_ticker_response_message" time="0.232" /><testcase classname="backend.tests.test_sentinel_edge.TestStats" name="test_stats_returns_200" time="0.117" /><testcase classname="backend.tests.test_sentinel_edge.TestStats" name="test_stats_response_structure" time="0.117" /><testcase classname="backend.tests.test_sentinel_edge.TestStats" name="test_stats_active_tickers_is_list" time="0.443" /><testcase classname="backend.tests.test_sentinel_edge.TestStats" name="test_stats_running_is_bool" time="0.109" /><testcase classname="backend.tests.test_sentinel_edge.TestStats" name="test_stats_orb_levels_count_present" time="0.139" /><testcase classname="backend.tests.test_sentinel_edge.TestStats" name="test_stats_pulse_circuit_state_present" time="0.107" /><testcase classname="backend.tests.test_sentinel_edge.TestMarkets" name="test_markets_returns_200" time="0.147" /><testcase classname="backend.tests.test_sentinel_edge.TestMarkets" name="test_markets_response_is_dict" time="0.115" /><testcase classname="backend.tests.test_sentinel_edge.TestMarkets" name="test_markets_entry_structure" time="0.107" /><testcase classname="backend.tests.test_sentinel_edge.TestMarkets" name="test_markets_open_is_bool" time="0.126" /><testcase classname="backend.tests.test_sentinel_edge.TestSchedulerControl" name="test_pause_returns_200" time="0.105" /><testcase classname="backend.tests.test_sentinel_edge.TestSchedulerControl" name="test_pause_response_message" time="0.123" /><testcase classname="backend.tests.test_sentinel_edge.TestSchedulerControl" name="test_resume_returns_200" time="0.108" /><testcase classname="backend.tests.test_sentinel_edge.TestSchedulerControl" name="test_resume_response_message" time="0.114" /><testcase classname="backend.tests.test_sentinel_edge.TestSchedulerControl" name="test_pause_updates_health" time="0.304" /><testcase classname="backend.tests.test_sentinel_edge.TestSchedulerControl" name="test_resume_restores_health" time="0.226" /><testcase classname="backend.tests.test_sentinel_edge.TestTickerConfig" name="test_get_config_returns_200" time="0.120" /><testcase classname="backend.tests.test_sentinel_edge.TestTickerConfig" name="test_get_config_response_structure" time="0.235" /><testcase classname="backend.tests.test_sentinel_edge.TestTickerConfig" name="test_get_config_default_metrics" time="0.137" /><testcase classname="backend.tests.test_sentinel_edge.TestTickerConfig" name="test_update_config_returns_200" time="0.137" /><testcase classname="backend.tests.test_sentinel_edge.TestTickerConfig" name="test_update_config_persists" time="0.267" /><testcase classname="backend.tests.test_sentinel_edge.TestORBLevels" name="test_orb_levels_returns_200_or_error_dict" time="0.132" /><testcase classname="backend.tests.test_sentinel_edge.TestORBLevels" name="test_orb_invalid_symbol_returns_error" time="0.104" /><testcase classname="backend.tests.test_sentinel_edge.TestAPIRoot" name="test_api_root_returns_200" time="0.116" /><testcase classname="backend.tests.test_sentinel_edge.TestAPIRoot" name="test_api_root_name" time="0.293" /></testsuite></testsuites>