<?xml version="1.0" encoding="utf-8"?><testsuites name="pytest tests"><testsuite name="pytest" errors="0" failures="0" skipped="0" tests="40" time="6.003" timestamp="2026-04-09T00:52:04.201781+00:00" hostname="agent-env-db84e424-98ca-42ba-b21c-181ba6d6f33d"><testcase classname="backend.tests.test_sentinel_edge.TestHealth" name="test_health_returns_200" time="0.198" /><testcase classname="backend.tests.test_sentinel_edge.TestHealth" name="test_health_response_structure" time="0.148" /><testcase classname="backend.tests.test_sentinel_edge.TestHealth" name="test_health_status_healthy" time="0.099" /><testcase classname="backend.tests.test_sentinel_edge.TestHealth" name="test_health_running_is_bool" time="0.145" /><testcase classname="backend.tests.test_sentinel_edge.TestHealth" name="test_health_paused_is_bool" time="0.119" /><testcase classname="backend.tests.test_sentinel_edge.TestHealth" name="test_health_active_tickers_is_int" time="0.116" /><testcase classname="backend.tests.test_sentinel_edge.TestTickers" name="test_get_tickers_returns_200" time="0.117" /><testcase classname="backend.tests.test_sentinel_edge.TestTickers" name="test_get_tickers_response_structure" time="0.116" /><testcase classname="backend.tests.test_sentinel_edge.TestTickers" name="test_get_tickers_default_tickers_present" time="0.111" /><testcase classname="backend.tests.test_sentinel_edge.TestTickers" name="test_get_tickers_count_matches_list" time="0.098" /><testcase classname="backend.tests.test_sentinel_edge.TestTickers" name="test_get_tickers_count_is_4" time="0.162" /><testcase classname="backend.tests.test_sentinel_edge.TestTickers" name="test_add_ticker_returns_200" time="0.119" /><testcase classname="backend.tests.test_sentinel_edge.TestTickers" name="test_add_ticker_response_message" time="0.164" /><testcase classname="backend.tests.test_sentinel_edge.TestTickers" name="test_remove_ticker_returns_200" time="0.240" /><testcase classname="backend.tests.test_sentinel_edge.TestTickers" name="test_remove_ticker_response_message" time="0.218" /><testcase classname="backend.tests.test_sentinel_edge.TestStats" name="test_stats_returns_200" time="0.122" /><testcase classname="backend.tests.test_sentinel_edge.TestStats" name="test_stats_response_structure" time="0.135" /><testcase classname="backend.tests.test_sentinel_edge.TestStats" name="test_stats_active_tickers_is_list" time="0.173" /><testcase classname="backend.tests.test_sentinel_edge.TestStats" name="test_stats_running_is_bool" time="0.227" /><testcase classname="backend.tests.test_sentinel_edge.TestStats" name="test_stats_orb_levels_count_present" time="0.106" /><testcase classname="backend.tests.test_sentinel_edge.TestStats" name="test_stats_pulse_circuit_state_present" time="0.102" /><testcase classname="backend.tests.test_sentinel_edge.TestMarkets" name="test_markets_returns_200" time="0.119" /><testcase classname="backend.tests.test_sentinel_edge.TestMarkets" name="test_markets_response_is_dict" time="0.116" /><testcase classname="backend.tests.test_sentinel_edge.TestMarkets" name="test_markets_entry_structure" time="0.108" /><testcase classname="backend.tests.test_sentinel_edge.TestMarkets" name="test_markets_open_is_bool" time="0.134" /><testcase classname="backend.tests.test_sentinel_edge.TestSchedulerControl" name="test_pause_returns_200" time="0.119" /><testcase classname="backend.tests.test_sentinel_edge.TestSchedulerControl" name="test_pause_response_message" time="0.116" /><testcase classname="backend.tests.test_sentinel_edge.TestSchedulerControl" name="test_resume_returns_200" time="0.143" /><testcase classname="backend.tests.test_sentinel_edge.TestSchedulerControl" name="test_resume_response_message" time="0.164" /><testcase classname="backend.tests.test_sentinel_edge.TestSchedulerControl" name="test_pause_updates_health" time="0.288" /><testcase classname="backend.tests.test_sentinel_edge.TestSchedulerControl" name="test_resume_restores_health" time="0.239" /><testcase classname="backend.tests.test_sentinel_edge.TestTickerConfig" name="test_get_config_returns_200" time="0.136" /><testcase classname="backend.tests.test_sentinel_edge.TestTickerConfig" name="test_get_config_response_structure" time="0.220" /><testcase classname="backend.tests.test_sentinel_edge.TestTickerConfig" name="test_get_config_default_metrics" time="0.107" /><testcase classname="backend.tests.test_sentinel_edge.TestTickerConfig" name="test_update_config_returns_200" time="0.141" /><testcase classname="backend.tests.test_sentinel_edge.TestTickerConfig" name="test_update_config_persists" time="0.261" /><testcase classname="backend.tests.test_sentinel_edge.TestORBLevels" name="test_orb_levels_returns_200_or_error_dict" time="0.119" /><testcase classname="backend.tests.test_sentinel_edge.TestORBLevels" name="test_orb_invalid_symbol_returns_error" time="0.111" /><testcase classname="backend.tests.test_sentinel_edge.TestAPIRoot" name="test_api_root_returns_200" time="0.108" /><testcase classname="backend.tests.test_sentinel_edge.TestAPIRoot" name="test_api_root_name" time="0.115" /></testsuite></testsuites>