<?xml version="1.0" encoding="utf-8"?><testsuites name="pytest tests"><testsuite name="pytest" errors="0" failures="0" skipped="0" tests="39" time="16.725" timestamp="2026-04-09T01:27:59.228751+00:00" hostname="agent-env-db84e424-98ca-42ba-b21c-181ba6d6f33d"><testcase classname="backend.tests.test_p1_features.TestEnrichedTickers" name="test_tickers_returns_200" time="11.141" /><testcase classname="backend.tests.test_p1_features.TestEnrichedTickers" name="test_tickers_response_has_count_field" time="0.141" /><testcase classname="backend.tests.test_p1_features.TestEnrichedTickers" name="test_tickers_list_contains_objects_not_strings" time="0.121" /><testcase classname="backend.tests.test_p1_features.TestEnrichedTickers" name="test_tickers_contain_symbol_field" time="0.119" /><testcase classname="backend.tests.test_p1_features.TestEnrichedTickers" name="test_tickers_contain_enabled_field" time="0.104" /><testcase classname="backend.tests.test_p1_features.TestEnrichedTickers" name="test_tickers_contain_signal_strength_field" time="0.105" /><testcase classname="backend.tests.test_p1_features.TestEnrichedTickers" name="test_tickers_contain_trend_field" time="0.117" /><testcase classname="backend.tests.test_p1_features.TestEnrichedTickers" name="test_tickers_contain_atr_field" time="0.118" /><testcase classname="backend.tests.test_p1_features.TestEnrichedTickers" name="test_tickers_contain_orb_levels_field" time="0.112" /><testcase classname="backend.tests.test_p1_features.TestEnrichedTickers" name="test_tickers_contain_last_decision_field" time="0.245" /><testcase classname="backend.tests.test_p1_features.TestEnrichedTickers" name="test_tickers_contain_confidence_field" time="0.127" /><testcase classname="backend.tests.test_p1_features.TestEnrichedTickers" name="test_tickers_contain_current_price_field" time="0.107" /><testcase classname="backend.tests.test_p1_features.TestEnrichedTickers" name="test_tickers_trend_valid_values" time="0.108" /><testcase classname="backend.tests.test_p1_features.TestEnrichedTickers" name="test_tickers_signal_strength_is_numeric" time="0.123" /><testcase classname="backend.tests.test_p1_features.TestEnrichedTickers" name="test_tickers_confidence_range" time="0.109" /><testcase classname="backend.tests.test_p1_features.TestEnrichedTickers" name="test_default_4_tickers_present" time="0.115" /><testcase classname="backend.tests.test_p1_features.TestEnrichedTickers" name="test_tickers_count_matches_list_length" time="0.111" /><testcase classname="backend.tests.test_p1_features.TestCorrelation" name="test_correlation_returns_200" time="0.124" /><testcase classname="backend.tests.test_p1_features.TestCorrelation" name="test_correlation_has_clusters_field" time="0.270" /><testcase classname="backend.tests.test_p1_features.TestCorrelation" name="test_correlation_clusters_is_list" time="0.124" /><testcase classname="backend.tests.test_p1_features.TestCorrelation" name="test_correlation_has_breadth_field" time="0.111" /><testcase classname="backend.tests.test_p1_features.TestCorrelation" name="test_correlation_breadth_has_bullish" time="0.123" /><testcase classname="backend.tests.test_p1_features.TestCorrelation" name="test_correlation_breadth_has_bearish" time="0.143" /><testcase classname="backend.tests.test_p1_features.TestCorrelation" name="test_correlation_breadth_has_neutral" time="0.124" /><testcase classname="backend.tests.test_p1_features.TestCorrelation" name="test_correlation_breadth_has_total" time="0.111" /><testcase classname="backend.tests.test_p1_features.TestCorrelation" name="test_correlation_breadth_has_bullish_pct" time="0.114" /><testcase classname="backend.tests.test_p1_features.TestCorrelation" name="test_correlation_breadth_has_bearish_pct" time="0.110" /><testcase classname="backend.tests.test_p1_features.TestCorrelation" name="test_correlation_breadth_pct_values_are_numeric" time="0.227" /><testcase classname="backend.tests.test_p1_features.TestCorrelation" name="test_correlation_breadth_total_at_least_1" time="0.107" /><testcase classname="backend.tests.test_p1_features.TestCorrelation" name="test_correlation_breadth_pct_sum_sane" time="0.114" /><testcase classname="backend.tests.test_p1_features.TestHealthAndStats" name="test_health_returns_healthy" time="0.129" /><testcase classname="backend.tests.test_p1_features.TestHealthAndStats" name="test_health_has_all_fields" time="0.123" /><testcase classname="backend.tests.test_p1_features.TestHealthAndStats" name="test_stats_returns_200" time="0.104" /><testcase classname="backend.tests.test_p1_features.TestHealthAndStats" name="test_stats_has_required_fields" time="0.119" /><testcase classname="backend.tests.test_p1_features.TestDecisionEngine" name="test_decision_enum_via_metrics_endpoint" time="0.114" /><testcase classname="backend.tests.test_p1_features.TestDecisionEngine" name="test_tighten_trailing_stop_shows_in_prometheus" time="0.158" /><testcase classname="backend.tests.test_p1_features.TestDecisionEngine" name="test_decision_metric_has_tighten_label_or_expected_decisions" time="0.347" /><testcase classname="backend.tests.test_p1_features.TestTickerBackwardCompat" name="test_count_field_is_integer" time="0.120" /><testcase classname="backend.tests.test_p1_features.TestTickerBackwardCompat" name="test_add_and_remove_ticker_still_works" time="0.478" /></testsuite></testsuites>