<?xml version="1.0" encoding="utf-8"?><testsuites name="pytest tests"><testsuite name="pytest" errors="0" failures="0" skipped="0" tests="16" time="9.625" timestamp="2026-04-09T01:45:23.457196+00:00" hostname="agent-env-db84e424-98ca-42ba-b21c-181ba6d6f33d"><testcase classname="backend.tests.test_decision_feed_and_tickers.TestDecisionsFeed" name="test_decisions_returns_200" time="0.177" /><testcase classname="backend.tests.test_decision_feed_and_tickers.TestDecisionsFeed" name="test_decisions_response_has_decisions_key" time="0.108" /><testcase classname="backend.tests.test_decision_feed_and_tickers.TestDecisionsFeed" name="test_decisions_response_has_count_key" time="0.122" /><testcase classname="backend.tests.test_decision_feed_and_tickers.TestDecisionsFeed" name="test_decisions_list_is_list" time="0.235" /><testcase classname="backend.tests.test_decision_feed_and_tickers.TestDecisionsFeed" name="test_decisions_count_matches_list_length" time="0.115" /><testcase classname="backend.tests.test_decision_feed_and_tickers.TestDecisionsFeed" name="test_decisions_in_normal_mode_returns_empty_or_valid" time="0.107" /><testcase classname="backend.tests.test_decision_feed_and_tickers.TestDecisionsFeed" name="test_decisions_entries_have_required_fields_if_present" time="0.220" /><testcase classname="backend.tests.test_decision_feed_and_tickers.TestDecisionsFeed" name="test_decisions_max_50_entries" time="0.141" /><testcase classname="backend.tests.test_decision_feed_and_tickers.TestTickerManagement" name="test_add_ticker_returns_200" time="0.577" /><testcase classname="backend.tests.test_decision_feed_and_tickers.TestTickerManagement" name="test_add_ticker_response_message" time="0.575" /><testcase classname="backend.tests.test_decision_feed_and_tickers.TestTickerManagement" name="test_add_ticker_appears_in_tickers_list" time="1.922" /><testcase classname="backend.tests.test_decision_feed_and_tickers.TestTickerManagement" name="test_remove_ticker_returns_200" time="0.884" /><testcase classname="backend.tests.test_decision_feed_and_tickers.TestTickerManagement" name="test_remove_ticker_disappears_from_list" time="1.385" /><testcase classname="backend.tests.test_decision_feed_and_tickers.TestTickerManagement" name="test_readd_ticker_after_removal" time="1.997" /><testcase classname="backend.tests.test_decision_feed_and_tickers.TestAddTsla" name="test_add_tsla_ticker" time="0.224" /><testcase classname="backend.tests.test_decision_feed_and_tickers.TestAddTsla" name="test_remove_tsla_ticker" time="0.757" /></testsuite></testsuites>